#-----------------------------------------------------------
# Vivado v2018.3 (64-bit)
# SW Build 2405991 on Thu Dec  6 23:38:27 MST 2018
# IP Build 2404404 on Fri Dec  7 01:43:56 MST 2018
# Start of session at: Sat Jul  9 22:56:46 2022
# Process ID: 4760
# Current directory: C:/Users/finger/Desktop/mycpu3
# Command line: vivado.exe -gui_launcher_event rodinguilauncherevent9552 C:\Users\finger\Desktop\mycpu3\mycpu3.xpr
# Log file: C:/Users/finger/Desktop/mycpu3/vivado.log
# Journal file: C:/Users/finger/Desktop/mycpu3\vivado.jou
#-----------------------------------------------------------
start_gui
open_project C:/Users/finger/Desktop/mycpu3/mycpu3.xpr
Scanning sources...
Finished scanning sources
INFO: [IP_Flow 19-234] Refreshing IP repositories
INFO: [IP_Flow 19-1704] No user IP repositories specified
INFO: [IP_Flow 19-2313] Loaded Vivado IP repository 'D:/Vivado/2018.3/data/ip'.
open_project: Time (s): cpu = 00:00:17 ; elapsed = 00:00:08 . Memory (MB): peak = 692.660 ; gain = 95.090
update_compile_order -fileset sources_1
move_files -fileset sim_1 [get_files  C:/Users/finger/Desktop/mycpu3/mycpu3.srcs/sources_1/new/BUS.v]
update_compile_order -fileset sources_1
reset_run synth_1
launch_runs impl_1 -to_step write_bitstream -jobs 8
[Sun Jul 10 13:10:05 2022] Launched synth_1...
Run output will be captured here: C:/Users/finger/Desktop/mycpu3/mycpu3.runs/synth_1/runme.log
[Sun Jul 10 13:10:05 2022] Launched impl_1...
Run output will be captured here: C:/Users/finger/Desktop/mycpu3/mycpu3.runs/impl_1/runme.log
add_files -norecurse C:/Users/finger/Desktop/mycpu3/mycpu3.srcs/sources_1/new/BUS.v
update_compile_order -fileset sources_1
add_files -norecurse C:/Users/finger/Desktop/2021/download_test/synthesized_ip/dram/dram.dcp
WARNING: [filemgmt 56-12] File 'C:/Users/finger/Desktop/2021/download_test/synthesized_ip/dram/dram.dcp' cannot be added to the project because it already exists in the project, skipping this file
reset_run synth_1
launch_runs impl_1 -to_step write_bitstream -jobs 8
[Sun Jul 10 13:13:48 2022] Launched synth_1...
Run output will be captured here: C:/Users/finger/Desktop/mycpu3/mycpu3.runs/synth_1/runme.log
[Sun Jul 10 13:13:48 2022] Launched impl_1...
Run output will be captured here: C:/Users/finger/Desktop/mycpu3/mycpu3.runs/impl_1/runme.log
reset_run synth_1
launch_runs impl_1 -to_step write_bitstream -jobs 8
[Sun Jul 10 13:14:28 2022] Launched synth_1...
Run output will be captured here: C:/Users/finger/Desktop/mycpu3/mycpu3.runs/synth_1/runme.log
[Sun Jul 10 13:14:28 2022] Launched impl_1...
Run output will be captured here: C:/Users/finger/Desktop/mycpu3/mycpu3.runs/impl_1/runme.log
open_hw
connect_hw_server
INFO: [Labtools 27-2285] Connecting to hw_server url TCP:localhost:3121
INFO: [Labtools 27-2222] Launching hw_server...
INFO: [Labtools 27-2221] Launch Output:

****** Xilinx hw_server v2018.3
  **** Build date : Dec  7 2018-00:40:27
    ** Copyright 1986-2018 Xilinx, Inc. All Rights Reserved.


ERROR: [Labtoolstcl 44-494] There is no active target available for server at localhost.
 Targets(s) ", jsn1" may be locked by another hw_server.
INFO: [Labtools 27-2285] Connecting to hw_server url TCP:qaweqw:3121
ERROR: [Labtools 27-2223] Unable to connect to hw_server with URL "TCP:qaweqw:3121".
Resolution: 1. Check the host name, port number and network connectivity.
2. Check to ensure the hw_server is running on the target.
ERROR: [Common 17-39] 'connect_hw_server' failed due to earlier errors.
connect_hw_server
INFO: [Labtools 27-2285] Connecting to hw_server url TCP:localhost:3121
open_hw_target
INFO: [Labtoolstcl 44-466] Opening hw_target localhost:3121/xilinx_tcf/Xilinx/Port_#0002.Hub_#0001
set_property PROGRAM.FILE {C:/Users/finger/Desktop/mycpu3/mycpu3.runs/impl_1/cpu_top.bit} [get_hw_devices xc7a100t_0]
current_hw_device [get_hw_devices xc7a100t_0]
refresh_hw_device -update_hw_probes false [lindex [get_hw_devices xc7a100t_0] 0]
INFO: [Labtools 27-1434] Device xc7a100t (JTAG device index = 0) is programmed with a design that has no supported debug core(s) in it.
set_property PROBES.FILE {} [get_hw_devices xc7a100t_0]
set_property FULL_PROBES.FILE {} [get_hw_devices xc7a100t_0]
set_property PROGRAM.FILE {C:/Users/finger/Desktop/mycpu3/mycpu3.runs/impl_1/cpu_top.bit} [get_hw_devices xc7a100t_0]
program_hw_devices [get_hw_devices xc7a100t_0]
INFO: [Labtools 27-3164] End of startup status: HIGH
program_hw_devices: Time (s): cpu = 00:00:08 ; elapsed = 00:00:08 . Memory (MB): peak = 1837.543 ; gain = 1.016
refresh_hw_device [lindex [get_hw_devices xc7a100t_0] 0]
INFO: [Labtools 27-1434] Device xc7a100t (JTAG device index = 0) is programmed with a design that has no supported debug core(s) in it.
reset_run synth_1
launch_runs impl_1 -to_step write_bitstream -jobs 8
[Sun Jul 10 13:23:31 2022] Launched synth_1...
Run output will be captured here: C:/Users/finger/Desktop/mycpu3/mycpu3.runs/synth_1/runme.log
[Sun Jul 10 13:23:31 2022] Launched impl_1...
Run output will be captured here: C:/Users/finger/Desktop/mycpu3/mycpu3.runs/impl_1/runme.log
set_property PROBES.FILE {} [get_hw_devices xc7a100t_0]
set_property FULL_PROBES.FILE {} [get_hw_devices xc7a100t_0]
set_property PROGRAM.FILE {C:/Users/finger/Desktop/mycpu3/mycpu3.runs/impl_1/cpu_top.bit} [get_hw_devices xc7a100t_0]
program_hw_devices [get_hw_devices xc7a100t_0]
INFO: [Labtools 27-3164] End of startup status: HIGH
program_hw_devices: Time (s): cpu = 00:00:09 ; elapsed = 00:00:08 . Memory (MB): peak = 1850.980 ; gain = 0.000
refresh_hw_device [lindex [get_hw_devices xc7a100t_0] 0]
INFO: [Labtools 27-1434] Device xc7a100t (JTAG device index = 0) is programmed with a design that has no supported debug core(s) in it.
reset_run impl_1 -prev_step 
launch_runs impl_1 -to_step write_bitstream -jobs 8
WARNING: [Vivado 12-872] Run step 'Design Initialization' is out-of-date.
[Sun Jul 10 13:30:34 2022] Launched impl_1...
Run output will be captured here: C:/Users/finger/Desktop/mycpu3/mycpu3.runs/impl_1/runme.log
set_property PROBES.FILE {} [get_hw_devices xc7a100t_0]
set_property FULL_PROBES.FILE {} [get_hw_devices xc7a100t_0]
set_property PROGRAM.FILE {C:/Users/finger/Desktop/mycpu3/mycpu3.runs/impl_1/cpu_top.bit} [get_hw_devices xc7a100t_0]
program_hw_devices [get_hw_devices xc7a100t_0]
INFO: [Labtools 27-3164] End of startup status: HIGH
program_hw_devices: Time (s): cpu = 00:00:09 ; elapsed = 00:00:08 . Memory (MB): peak = 1850.980 ; gain = 0.000
refresh_hw_device [lindex [get_hw_devices xc7a100t_0] 0]
INFO: [Labtools 27-1434] Device xc7a100t (JTAG device index = 0) is programmed with a design that has no supported debug core(s) in it.
reset_run synth_1
launch_runs impl_1 -to_step write_bitstream -jobs 8
[Sun Jul 10 13:34:21 2022] Launched synth_1...
Run output will be captured here: C:/Users/finger/Desktop/mycpu3/mycpu3.runs/synth_1/runme.log
[Sun Jul 10 13:34:21 2022] Launched impl_1...
Run output will be captured here: C:/Users/finger/Desktop/mycpu3/mycpu3.runs/impl_1/runme.log
reset_run impl_1
launch_runs impl_1 -to_step write_bitstream -jobs 8
[Sun Jul 10 13:35:45 2022] Launched impl_1...
Run output will be captured here: C:/Users/finger/Desktop/mycpu3/mycpu3.runs/impl_1/runme.log
set_property PROBES.FILE {} [get_hw_devices xc7a100t_0]
set_property FULL_PROBES.FILE {} [get_hw_devices xc7a100t_0]
set_property PROGRAM.FILE {C:/Users/finger/Desktop/mycpu3/mycpu3.runs/impl_1/cpu_top.bit} [get_hw_devices xc7a100t_0]
program_hw_devices [get_hw_devices xc7a100t_0]
INFO: [Labtools 27-3164] End of startup status: HIGH
program_hw_devices: Time (s): cpu = 00:00:09 ; elapsed = 00:00:08 . Memory (MB): peak = 1850.980 ; gain = 0.000
refresh_hw_device [lindex [get_hw_devices xc7a100t_0] 0]
INFO: [Labtools 27-1434] Device xc7a100t (JTAG device index = 0) is programmed with a design that has no supported debug core(s) in it.
reset_run synth_1
launch_runs impl_1 -to_step write_bitstream -jobs 8
[Sun Jul 10 13:41:03 2022] Launched synth_1...
Run output will be captured here: C:/Users/finger/Desktop/mycpu3/mycpu3.runs/synth_1/runme.log
[Sun Jul 10 13:41:03 2022] Launched impl_1...
Run output will be captured here: C:/Users/finger/Desktop/mycpu3/mycpu3.runs/impl_1/runme.log
set_property PROBES.FILE {} [get_hw_devices xc7a100t_0]
set_property FULL_PROBES.FILE {} [get_hw_devices xc7a100t_0]
set_property PROGRAM.FILE {C:/Users/finger/Desktop/mycpu3/mycpu3.runs/impl_1/cpu_top.bit} [get_hw_devices xc7a100t_0]
program_hw_devices [get_hw_devices xc7a100t_0]
INFO: [Labtools 27-3164] End of startup status: HIGH
program_hw_devices: Time (s): cpu = 00:00:08 ; elapsed = 00:00:08 . Memory (MB): peak = 1851.086 ; gain = 0.000
refresh_hw_device [lindex [get_hw_devices xc7a100t_0] 0]
INFO: [Labtools 27-1434] Device xc7a100t (JTAG device index = 0) is programmed with a design that has no supported debug core(s) in it.
reset_run synth_1
launch_runs impl_1 -to_step write_bitstream -jobs 8
[Sun Jul 10 13:47:58 2022] Launched synth_1...
Run output will be captured here: C:/Users/finger/Desktop/mycpu3/mycpu3.runs/synth_1/runme.log
[Sun Jul 10 13:47:58 2022] Launched impl_1...
Run output will be captured here: C:/Users/finger/Desktop/mycpu3/mycpu3.runs/impl_1/runme.log
set_property PROBES.FILE {} [get_hw_devices xc7a100t_0]
set_property FULL_PROBES.FILE {} [get_hw_devices xc7a100t_0]
set_property PROGRAM.FILE {C:/Users/finger/Desktop/mycpu3/mycpu3.runs/impl_1/cpu_top.bit} [get_hw_devices xc7a100t_0]
program_hw_devices [get_hw_devices xc7a100t_0]
INFO: [Labtools 27-3164] End of startup status: HIGH
program_hw_devices: Time (s): cpu = 00:00:08 ; elapsed = 00:00:08 . Memory (MB): peak = 1851.328 ; gain = 0.000
refresh_hw_device [lindex [get_hw_devices xc7a100t_0] 0]
INFO: [Labtools 27-1434] Device xc7a100t (JTAG device index = 0) is programmed with a design that has no supported debug core(s) in it.
reset_run synth_1
launch_runs impl_1 -to_step write_bitstream -jobs 8
[Sun Jul 10 13:55:44 2022] Launched synth_1...
Run output will be captured here: C:/Users/finger/Desktop/mycpu3/mycpu3.runs/synth_1/runme.log
[Sun Jul 10 13:55:44 2022] Launched impl_1...
Run output will be captured here: C:/Users/finger/Desktop/mycpu3/mycpu3.runs/impl_1/runme.log
set_property PROBES.FILE {} [get_hw_devices xc7a100t_0]
set_property FULL_PROBES.FILE {} [get_hw_devices xc7a100t_0]
set_property PROGRAM.FILE {C:/Users/finger/Desktop/mycpu3/mycpu3.runs/impl_1/cpu_top.bit} [get_hw_devices xc7a100t_0]
program_hw_devices [get_hw_devices xc7a100t_0]
INFO: [Labtools 27-3164] End of startup status: HIGH
program_hw_devices: Time (s): cpu = 00:00:09 ; elapsed = 00:00:08 . Memory (MB): peak = 1851.484 ; gain = 0.000
refresh_hw_device [lindex [get_hw_devices xc7a100t_0] 0]
INFO: [Labtools 27-1434] Device xc7a100t (JTAG device index = 0) is programmed with a design that has no supported debug core(s) in it.
ERROR: [Labtoolstcl 44-513] HW Target shutdown. Closing target: localhost:3121/xilinx_tcf/Xilinx/Port_#0002.Hub_#0001
disconnect_hw_server localhost:3121
connect_hw_server
INFO: [Labtools 27-2285] Connecting to hw_server url TCP:localhost:3121
connect_hw_server: Time (s): cpu = 00:00:01 ; elapsed = 00:00:05 . Memory (MB): peak = 1855.855 ; gain = 0.000
open_hw_target
INFO: [Labtoolstcl 44-466] Opening hw_target localhost:3121/xilinx_tcf/Xilinx/Port_#0002.Hub_#0001
set_property PROGRAM.FILE {C:/Users/finger/Desktop/mycpu3/mycpu3.runs/impl_1/cpu_top.bit} [get_hw_devices xc7a100t_0]
current_hw_device [get_hw_devices xc7a100t_0]
refresh_hw_device -update_hw_probes false [lindex [get_hw_devices xc7a100t_0] 0]
INFO: [Labtools 27-1434] Device xc7a100t (JTAG device index = 0) is programmed with a design that has no supported debug core(s) in it.
set_property PROBES.FILE {} [get_hw_devices xc7a100t_0]
set_property FULL_PROBES.FILE {} [get_hw_devices xc7a100t_0]
set_property PROGRAM.FILE {C:/Users/finger/Desktop/mycpu3/mycpu3.runs/impl_1/cpu_top.bit} [get_hw_devices xc7a100t_0]
program_hw_devices [get_hw_devices xc7a100t_0]
INFO: [Labtools 27-3164] End of startup status: HIGH
program_hw_devices: Time (s): cpu = 00:00:09 ; elapsed = 00:00:08 . Memory (MB): peak = 1855.855 ; gain = 0.000
refresh_hw_device [lindex [get_hw_devices xc7a100t_0] 0]
INFO: [Labtools 27-1434] Device xc7a100t (JTAG device index = 0) is programmed with a design that has no supported debug core(s) in it.
reset_run synth_1
launch_runs impl_1 -to_step write_bitstream -jobs 8
[Sun Jul 10 14:04:31 2022] Launched synth_1...
Run output will be captured here: C:/Users/finger/Desktop/mycpu3/mycpu3.runs/synth_1/runme.log
[Sun Jul 10 14:04:31 2022] Launched impl_1...
Run output will be captured here: C:/Users/finger/Desktop/mycpu3/mycpu3.runs/impl_1/runme.log
set_property PROBES.FILE {} [get_hw_devices xc7a100t_0]
set_property FULL_PROBES.FILE {} [get_hw_devices xc7a100t_0]
set_property PROGRAM.FILE {C:/Users/finger/Desktop/mycpu3/mycpu3.runs/impl_1/cpu_top.bit} [get_hw_devices xc7a100t_0]
program_hw_devices [get_hw_devices xc7a100t_0]
INFO: [Labtools 27-3164] End of startup status: HIGH
program_hw_devices: Time (s): cpu = 00:00:08 ; elapsed = 00:00:08 . Memory (MB): peak = 1858.348 ; gain = 0.000
refresh_hw_device [lindex [get_hw_devices xc7a100t_0] 0]
INFO: [Labtools 27-1434] Device xc7a100t (JTAG device index = 0) is programmed with a design that has no supported debug core(s) in it.
set_property PROBES.FILE {} [get_hw_devices xc7a100t_0]
set_property FULL_PROBES.FILE {} [get_hw_devices xc7a100t_0]
set_property PROGRAM.FILE {C:/Users/finger/Desktop/mycpu3/mycpu3.runs/impl_1/cpu_top.bit} [get_hw_devices xc7a100t_0]
program_hw_devices [get_hw_devices xc7a100t_0]
INFO: [Labtools 27-3164] End of startup status: HIGH
program_hw_devices: Time (s): cpu = 00:00:08 ; elapsed = 00:00:08 . Memory (MB): peak = 1863.551 ; gain = 0.000
refresh_hw_device [lindex [get_hw_devices xc7a100t_0] 0]
INFO: [Labtools 27-1434] Device xc7a100t (JTAG device index = 0) is programmed with a design that has no supported debug core(s) in it.
reset_run synth_1
launch_runs synth_1 -jobs 8
[Sun Jul 10 14:20:10 2022] Launched synth_1...
Run output will be captured here: C:/Users/finger/Desktop/mycpu3/mycpu3.runs/synth_1/runme.log
open_run synth_1 -name synth_1
Design is defaulting to impl run constrset: constrs_1
Design is defaulting to synth run part: xc7a100tfgg484-1
INFO: [Project 1-454] Reading design checkpoint 'C:/Users/finger/Desktop/2021/download_test/synthesized_ip/prgrom/prgrom.dcp' for cell 'imem'
INFO: [Project 1-454] Reading design checkpoint 'c:/Users/finger/Desktop/mycpu3/mycpu3.srcs/sources_1/ip/cpuclk/cpuclk.dcp' for cell 'u_cpuclk'
INFO: [Project 1-454] Reading design checkpoint 'C:/Users/finger/Desktop/2021/download_test/synthesized_ip/dram/dram.dcp' for cell 'u_BUS/dmem'
INFO: [Netlist 29-17] Analyzing 3354 Unisim elements for replacement
INFO: [Netlist 29-28] Unisim Transformation completed in 2 CPU seconds
INFO: [Project 1-479] Netlist was created with Vivado 2018.3
INFO: [Device 21-403] Loading part xc7a100tfgg484-1
INFO: [Project 1-570] Preparing netlist for logic optimization
Parsing XDC File [c:/Users/finger/Desktop/mycpu3/mycpu3.srcs/sources_1/ip/cpuclk/cpuclk_board.xdc] for cell 'u_cpuclk/inst'
Finished Parsing XDC File [c:/Users/finger/Desktop/mycpu3/mycpu3.srcs/sources_1/ip/cpuclk/cpuclk_board.xdc] for cell 'u_cpuclk/inst'
Parsing XDC File [c:/Users/finger/Desktop/mycpu3/mycpu3.srcs/sources_1/ip/cpuclk/cpuclk.xdc] for cell 'u_cpuclk/inst'
INFO: [Timing 38-35] Done setting XDC timing constraints. [c:/Users/finger/Desktop/mycpu3/mycpu3.srcs/sources_1/ip/cpuclk/cpuclk.xdc:57]
INFO: [Timing 38-2] Deriving generated clocks [c:/Users/finger/Desktop/mycpu3/mycpu3.srcs/sources_1/ip/cpuclk/cpuclk.xdc:57]
get_clocks: Time (s): cpu = 00:00:15 ; elapsed = 00:00:14 . Memory (MB): peak = 2786.086 ; gain = 581.969
Finished Parsing XDC File [c:/Users/finger/Desktop/mycpu3/mycpu3.srcs/sources_1/ip/cpuclk/cpuclk.xdc] for cell 'u_cpuclk/inst'
Parsing XDC File [C:/Users/finger/Desktop/pin.xdc]
Finished Parsing XDC File [C:/Users/finger/Desktop/pin.xdc]
Parsing XDC File [C:/Users/finger/Desktop/mycpu3/mycpu3.srcs/constrs_1/new/clock.xdc]
WARNING: [Constraints 18-619] A clock with name 'clk_i' already exists, overwriting the previous clock with the same name. [C:/Users/finger/Desktop/mycpu3/mycpu3.srcs/constrs_1/new/clock.xdc:1]
Finished Parsing XDC File [C:/Users/finger/Desktop/mycpu3/mycpu3.srcs/constrs_1/new/clock.xdc]
INFO: [Opt 31-138] Pushed 0 inverter(s) to 0 load pin(s).
Netlist sorting complete. Time (s): cpu = 00:00:00 ; elapsed = 00:00:00.017 . Memory (MB): peak = 2786.086 ; gain = 0.000
INFO: [Project 1-111] Unisim Transformation Summary:
  A total of 2048 instances were transformed.
  RAM256X1S => RAM256X1S (MUXF7, MUXF7, MUXF8, RAMS64E, RAMS64E, RAMS64E, RAMS64E): 2048 instances

open_run: Time (s): cpu = 00:00:43 ; elapsed = 00:00:40 . Memory (MB): peak = 2831.113 ; gain = 967.562
create_debug_core u_ila_0 ila
set_property C_DATA_DEPTH 1024 [get_debug_cores u_ila_0]
set_property C_TRIGIN_EN false [get_debug_cores u_ila_0]
set_property C_TRIGOUT_EN false [get_debug_cores u_ila_0]
set_property C_ADV_TRIGGER false [get_debug_cores u_ila_0]
set_property C_INPUT_PIPE_STAGES 0 [get_debug_cores u_ila_0]
set_property C_EN_STRG_QUAL false [get_debug_cores u_ila_0]
set_property ALL_PROBE_SAME_MU true [get_debug_cores u_ila_0]
set_property ALL_PROBE_SAME_MU_CNT 1 [get_debug_cores u_ila_0]
startgroup 
set_property C_EN_STRG_QUAL true [get_debug_cores u_ila_0 ]
set_property ALL_PROBE_SAME_MU true [get_debug_cores u_ila_0 ]
set_property ALL_PROBE_SAME_MU_CNT 2 [get_debug_cores u_ila_0 ]
endgroup
set_property port_width 1 [get_debug_ports u_ila_0/clk]
connect_debug_port u_ila_0/clk [get_nets [list u_cpuclk/inst/clk_out1 ]]
set_property port_width 32 [get_debug_ports u_ila_0/probe0]
set_property PROBE_TYPE DATA_AND_TRIGGER [get_debug_ports u_ila_0/probe0]
connect_debug_port u_ila_0/probe0 [get_nets [list {pc[0]} {pc[1]} {pc[2]} {pc[3]} {pc[4]} {pc[5]} {pc[6]} {pc[7]} {pc[8]} {pc[9]} {pc[10]} {pc[11]} {pc[12]} {pc[13]} {pc[14]} {pc[15]} {pc[16]} {pc[17]} {pc[18]} {pc[19]} {pc[20]} {pc[21]} {pc[22]} {pc[23]} {pc[24]} {pc[25]} {pc[26]} {pc[27]} {pc[28]} {pc[29]} {pc[30]} {pc[31]} ]]
create_debug_port u_ila_0 probe
set_property port_width 32 [get_debug_ports u_ila_0/probe1]
set_property PROBE_TYPE DATA_AND_TRIGGER [get_debug_ports u_ila_0/probe1]
connect_debug_port u_ila_0/probe1 [get_nets [list {trace_result[0]} {trace_result[1]} {trace_result[2]} {trace_result[3]} {trace_result[4]} {trace_result[5]} {trace_result[6]} {trace_result[7]} {trace_result[8]} {trace_result[9]} {trace_result[10]} {trace_result[11]} {trace_result[12]} {trace_result[13]} {trace_result[14]} {trace_result[15]} {trace_result[16]} {trace_result[17]} {trace_result[18]} {trace_result[19]} {trace_result[20]} {trace_result[21]} {trace_result[22]} {trace_result[23]} {trace_result[24]} {trace_result[25]} {trace_result[26]} {trace_result[27]} {trace_result[28]} {trace_result[29]} {trace_result[30]} {trace_result[31]} ]]
save_constraints -force
INFO: [Project 1-96] Target constrs file set to 'C:/Users/finger/Desktop/mycpu3/mycpu3.srcs/constrs_1/new/clock.xdc' for the 'constrs_1' constraints set.
Netlist sorting complete. Time (s): cpu = 00:00:00 ; elapsed = 00:00:00.021 . Memory (MB): peak = 2840.465 ; gain = 0.000
launch_runs impl_1 -to_step write_bitstream -jobs 8
Netlist sorting complete. Time (s): cpu = 00:00:00 ; elapsed = 00:00:00.017 . Memory (MB): peak = 2840.465 ; gain = 0.000
INFO: [Timing 38-480] Writing timing data to binary archive.
Writing placer database...
Writing XDEF routing.
Writing XDEF routing logical nets.
Writing XDEF routing special nets.
Write XDEF Complete: Time (s): cpu = 00:00:01 ; elapsed = 00:00:00.092 . Memory (MB): peak = 2844.043 ; gain = 3.578
Netlist sorting complete. Time (s): cpu = 00:00:00 ; elapsed = 00:00:00.029 . Memory (MB): peak = 2844.707 ; gain = 0.000
[Sun Jul 10 14:24:19 2022] Launched impl_1...
Run output will be captured here: C:/Users/finger/Desktop/mycpu3/mycpu3.runs/impl_1/runme.log
set_property PROBES.FILE {C:/Users/finger/Desktop/mycpu3/mycpu3.runs/impl_1/cpu_top.ltx} [get_hw_devices xc7a100t_0]
set_property FULL_PROBES.FILE {C:/Users/finger/Desktop/mycpu3/mycpu3.runs/impl_1/cpu_top.ltx} [get_hw_devices xc7a100t_0]
set_property PROGRAM.FILE {C:/Users/finger/Desktop/mycpu3/mycpu3.runs/impl_1/cpu_top.bit} [get_hw_devices xc7a100t_0]
program_hw_devices [get_hw_devices xc7a100t_0]
INFO: [Labtools 27-3164] End of startup status: HIGH
program_hw_devices: Time (s): cpu = 00:00:08 ; elapsed = 00:00:08 . Memory (MB): peak = 2847.699 ; gain = 0.000
refresh_hw_device [lindex [get_hw_devices xc7a100t_0] 0]
INFO: [Labtools 27-2302] Device xc7a100t (JTAG device index = 0) is programmed with a design that has 1 ILA core(s).
display_hw_ila_data [ get_hw_ila_data hw_ila_data_1 -of_objects [get_hw_ilas -of_objects [get_hw_devices xc7a100t_0] -filter {CELL_NAME=~"u_ila_0"}]]
set_property TRIGGER_COMPARE_VALUE eq32'h0000_0000 [get_hw_probes pc -of_objects [get_hw_ilas -of_objects [get_hw_devices xc7a100t_0] -filter {CELL_NAME=~"u_ila_0"}]]
run_hw_ila [get_hw_ilas -of_objects [get_hw_devices xc7a100t_0] -filter {CELL_NAME=~"u_ila_0"}]
INFO: [Labtools 27-1964] The ILA core 'hw_ila_1' trigger was armed at 2022-Jul-10 14:36:28
wait_on_hw_ila -timeout 0 [get_hw_ilas -of_objects [get_hw_devices xc7a100t_0] -filter {CELL_NAME=~"u_ila_0"}]
upload_hw_ila_data [get_hw_ilas -of_objects [get_hw_devices xc7a100t_0] -filter {CELL_NAME=~"u_ila_0"}]
INFO: [Labtools 27-1965] The ILA core 'hw_ila_1' trigger was stopped by user at 2022-Jul-10 14:36:39
WARNING: [Labtools 27-157] hw_ila [hw_ila_1] stopped. No data to upload.
run_hw_ila [get_hw_ilas -of_objects [get_hw_devices xc7a100t_0] -filter {CELL_NAME=~"u_ila_0"}] -trigger_now
INFO: [Labtools 27-1964] The ILA core 'hw_ila_1' trigger was armed at 2022-Jul-10 14:36:40
wait_on_hw_ila [get_hw_ilas -of_objects [get_hw_devices xc7a100t_0] -filter {CELL_NAME=~"u_ila_0"}]
display_hw_ila_data [upload_hw_ila_data [get_hw_ilas -of_objects [get_hw_devices xc7a100t_0] -filter {CELL_NAME=~"u_ila_0"}]]
INFO: [Labtools 27-1966] The ILA core 'hw_ila_1' triggered at 2022-Jul-10 14:36:40
INFO: [Labtools 27-3304] ILA Waveform data saved to file C:/Users/finger/Desktop/mycpu3/mycpu3.hw/backup/hw_ila_data_1.ila. Use Tcl command 'read_hw_ila_data' or Vivado File->Import->Import ILA Data menu item to import the previously saved data.
reset_run synth_1
launch_runs synth_1 -jobs 8
[Sun Jul 10 14:38:04 2022] Launched synth_1...
Run output will be captured here: C:/Users/finger/Desktop/mycpu3/mycpu3.runs/synth_1/runme.log
refresh_design
INFO: [Project 1-454] Reading design checkpoint 'C:/Users/finger/Desktop/2021/download_test/synthesized_ip/prgrom/prgrom.dcp' for cell 'imem'
INFO: [Project 1-454] Reading design checkpoint 'c:/Users/finger/Desktop/mycpu3/mycpu3.srcs/sources_1/ip/cpuclk/cpuclk.dcp' for cell 'u_cpuclk'
INFO: [Project 1-454] Reading design checkpoint 'C:/Users/finger/Desktop/2021/download_test/synthesized_ip/dram/dram.dcp' for cell 'u_BUS/dmem'
INFO: [Netlist 29-17] Analyzing 3354 Unisim elements for replacement
INFO: [Netlist 29-28] Unisim Transformation completed in 2 CPU seconds
INFO: [Project 1-479] Netlist was created with Vivado 2018.3
INFO: [Project 1-570] Preparing netlist for logic optimization
Parsing XDC File [c:/Users/finger/Desktop/mycpu3/mycpu3.srcs/sources_1/ip/cpuclk/cpuclk_board.xdc] for cell 'u_cpuclk/inst'
Finished Parsing XDC File [c:/Users/finger/Desktop/mycpu3/mycpu3.srcs/sources_1/ip/cpuclk/cpuclk_board.xdc] for cell 'u_cpuclk/inst'
Parsing XDC File [c:/Users/finger/Desktop/mycpu3/mycpu3.srcs/sources_1/ip/cpuclk/cpuclk.xdc] for cell 'u_cpuclk/inst'
INFO: [Timing 38-35] Done setting XDC timing constraints. [c:/Users/finger/Desktop/mycpu3/mycpu3.srcs/sources_1/ip/cpuclk/cpuclk.xdc:57]
INFO: [Timing 38-2] Deriving generated clocks [c:/Users/finger/Desktop/mycpu3/mycpu3.srcs/sources_1/ip/cpuclk/cpuclk.xdc:57]
Finished Parsing XDC File [c:/Users/finger/Desktop/mycpu3/mycpu3.srcs/sources_1/ip/cpuclk/cpuclk.xdc] for cell 'u_cpuclk/inst'
Parsing XDC File [C:/Users/finger/Desktop/pin.xdc]
Finished Parsing XDC File [C:/Users/finger/Desktop/pin.xdc]
Parsing XDC File [C:/Users/finger/Desktop/mycpu3/mycpu3.srcs/constrs_1/new/clock.xdc]
WARNING: [Constraints 18-619] A clock with name 'clk_i' already exists, overwriting the previous clock with the same name. [C:/Users/finger/Desktop/mycpu3/mycpu3.srcs/constrs_1/new/clock.xdc:1]
Finished Parsing XDC File [C:/Users/finger/Desktop/mycpu3/mycpu3.srcs/constrs_1/new/clock.xdc]
INFO: [Opt 31-138] Pushed 0 inverter(s) to 0 load pin(s).
refresh_design: Time (s): cpu = 00:00:19 ; elapsed = 00:00:15 . Memory (MB): peak = 3376.980 ; gain = 262.969
delete_debug_core [get_debug_cores {u_ila_0 }]
create_debug_core u_ila_0 ila
set_property C_DATA_DEPTH 1024 [get_debug_cores u_ila_0]
set_property C_TRIGIN_EN false [get_debug_cores u_ila_0]
set_property C_TRIGOUT_EN false [get_debug_cores u_ila_0]
set_property C_ADV_TRIGGER false [get_debug_cores u_ila_0]
set_property C_INPUT_PIPE_STAGES 0 [get_debug_cores u_ila_0]
set_property C_EN_STRG_QUAL false [get_debug_cores u_ila_0]
set_property ALL_PROBE_SAME_MU true [get_debug_cores u_ila_0]
set_property ALL_PROBE_SAME_MU_CNT 1 [get_debug_cores u_ila_0]
startgroup 
set_property C_EN_STRG_QUAL true [get_debug_cores u_ila_0 ]
set_property ALL_PROBE_SAME_MU true [get_debug_cores u_ila_0 ]
set_property ALL_PROBE_SAME_MU_CNT 2 [get_debug_cores u_ila_0 ]
endgroup
set_property port_width 1 [get_debug_ports u_ila_0/clk]
connect_debug_port u_ila_0/clk [get_nets [list u_cpuclk/inst/clk_out1 ]]
set_property port_width 32 [get_debug_ports u_ila_0/probe0]
set_property PROBE_TYPE DATA_AND_TRIGGER [get_debug_ports u_ila_0/probe0]
connect_debug_port u_ila_0/probe0 [get_nets [list {inst[0]} {inst[1]} {inst[2]} {inst[3]} {inst[4]} {inst[5]} {inst[6]} {inst[7]} {inst[8]} {inst[9]} {inst[10]} {inst[11]} {inst[12]} {inst[13]} {inst[14]} {inst[15]} {inst[16]} {inst[17]} {inst[18]} {inst[19]} {inst[20]} {inst[21]} {inst[22]} {inst[23]} {inst[24]} {inst[25]} {inst[26]} {inst[27]} {inst[28]} {inst[29]} {inst[30]} {inst[31]} ]]
create_debug_port u_ila_0 probe
set_property port_width 32 [get_debug_ports u_ila_0/probe1]
set_property PROBE_TYPE DATA_AND_TRIGGER [get_debug_ports u_ila_0/probe1]
connect_debug_port u_ila_0/probe1 [get_nets [list {trace_result[0]} {trace_result[1]} {trace_result[2]} {trace_result[3]} {trace_result[4]} {trace_result[5]} {trace_result[6]} {trace_result[7]} {trace_result[8]} {trace_result[9]} {trace_result[10]} {trace_result[11]} {trace_result[12]} {trace_result[13]} {trace_result[14]} {trace_result[15]} {trace_result[16]} {trace_result[17]} {trace_result[18]} {trace_result[19]} {trace_result[20]} {trace_result[21]} {trace_result[22]} {trace_result[23]} {trace_result[24]} {trace_result[25]} {trace_result[26]} {trace_result[27]} {trace_result[28]} {trace_result[29]} {trace_result[30]} {trace_result[31]} ]]
create_debug_port u_ila_0 probe
set_property port_width 32 [get_debug_ports u_ila_0/probe2]
set_property PROBE_TYPE DATA_AND_TRIGGER [get_debug_ports u_ila_0/probe2]
connect_debug_port u_ila_0/probe2 [get_nets [list {pc[0]} {pc[1]} {pc[2]} {pc[3]} {pc[4]} {pc[5]} {pc[6]} {pc[7]} {pc[8]} {pc[9]} {pc[10]} {pc[11]} {pc[12]} {pc[13]} {pc[14]} {pc[15]} {pc[16]} {pc[17]} {pc[18]} {pc[19]} {pc[20]} {pc[21]} {pc[22]} {pc[23]} {pc[24]} {pc[25]} {pc[26]} {pc[27]} {pc[28]} {pc[29]} {pc[30]} {pc[31]} ]]
save_constraints
Netlist sorting complete. Time (s): cpu = 00:00:00 ; elapsed = 00:00:00.025 . Memory (MB): peak = 3381.645 ; gain = 0.000
launch_runs impl_1 -to_step write_bitstream -jobs 8
Netlist sorting complete. Time (s): cpu = 00:00:00 ; elapsed = 00:00:00.019 . Memory (MB): peak = 3381.645 ; gain = 0.000
INFO: [Timing 38-480] Writing timing data to binary archive.
Writing placer database...
Writing XDEF routing.
Writing XDEF routing logical nets.
Writing XDEF routing special nets.
Write XDEF Complete: Time (s): cpu = 00:00:00 ; elapsed = 00:00:00.066 . Memory (MB): peak = 3381.645 ; gain = 0.000
Netlist sorting complete. Time (s): cpu = 00:00:00 ; elapsed = 00:00:00.025 . Memory (MB): peak = 3381.645 ; gain = 0.000
[Sun Jul 10 14:41:10 2022] Launched impl_1...
Run output will be captured here: C:/Users/finger/Desktop/mycpu3/mycpu3.runs/impl_1/runme.log
set_property PROBES.FILE {C:/Users/finger/Desktop/mycpu3/mycpu3.runs/impl_1/cpu_top.ltx} [get_hw_devices xc7a100t_0]
set_property FULL_PROBES.FILE {C:/Users/finger/Desktop/mycpu3/mycpu3.runs/impl_1/cpu_top.ltx} [get_hw_devices xc7a100t_0]
set_property PROGRAM.FILE {C:/Users/finger/Desktop/mycpu3/mycpu3.runs/impl_1/cpu_top.bit} [get_hw_devices xc7a100t_0]
program_hw_devices [get_hw_devices xc7a100t_0]
INFO: [Labtools 27-3164] End of startup status: HIGH
program_hw_devices: Time (s): cpu = 00:00:08 ; elapsed = 00:00:08 . Memory (MB): peak = 3381.645 ; gain = 0.000
refresh_hw_device [lindex [get_hw_devices xc7a100t_0] 0]
INFO: [Labtools 27-2302] Device xc7a100t (JTAG device index = 0) is programmed with a design that has 1 ILA core(s).
display_hw_ila_data [ get_hw_ila_data hw_ila_data_1 -of_objects [get_hw_ilas -of_objects [get_hw_devices xc7a100t_0] -filter {CELL_NAME=~"u_ila_0"}]]
run_hw_ila [get_hw_ilas -of_objects [get_hw_devices xc7a100t_0] -filter {CELL_NAME=~"u_ila_0"}] -trigger_now
INFO: [Labtools 27-1964] The ILA core 'hw_ila_1' trigger was armed at 2022-Jul-10 14:50:43
wait_on_hw_ila [get_hw_ilas -of_objects [get_hw_devices xc7a100t_0] -filter {CELL_NAME=~"u_ila_0"}]
display_hw_ila_data [upload_hw_ila_data [get_hw_ilas -of_objects [get_hw_devices xc7a100t_0] -filter {CELL_NAME=~"u_ila_0"}]]
INFO: [Labtools 27-1966] The ILA core 'hw_ila_1' triggered at 2022-Jul-10 14:50:43
INFO: [Labtools 27-3304] ILA Waveform data saved to file C:/Users/finger/Desktop/mycpu3/mycpu3.hw/backup/hw_ila_data_1.ila. Use Tcl command 'read_hw_ila_data' or Vivado File->Import->Import ILA Data menu item to import the previously saved data.
reset_run synth_1
launch_runs synth_1 -jobs 8
[Sun Jul 10 14:51:13 2022] Launched synth_1...
Run output will be captured here: C:/Users/finger/Desktop/mycpu3/mycpu3.runs/synth_1/runme.log
delete_debug_core [get_debug_cores {u_ila_0 }]
create_debug_core u_ila_0 ila
set_property C_DATA_DEPTH 1024 [get_debug_cores u_ila_0]
set_property C_TRIGIN_EN false [get_debug_cores u_ila_0]
set_property C_TRIGOUT_EN false [get_debug_cores u_ila_0]
set_property C_ADV_TRIGGER false [get_debug_cores u_ila_0]
set_property C_INPUT_PIPE_STAGES 0 [get_debug_cores u_ila_0]
set_property C_EN_STRG_QUAL false [get_debug_cores u_ila_0]
set_property ALL_PROBE_SAME_MU true [get_debug_cores u_ila_0]
set_property ALL_PROBE_SAME_MU_CNT 1 [get_debug_cores u_ila_0]
startgroup 
set_property C_EN_STRG_QUAL true [get_debug_cores u_ila_0 ]
set_property ALL_PROBE_SAME_MU true [get_debug_cores u_ila_0 ]
set_property ALL_PROBE_SAME_MU_CNT 2 [get_debug_cores u_ila_0 ]
endgroup
set_property port_width 1 [get_debug_ports u_ila_0/clk]
connect_debug_port u_ila_0/clk [get_nets [list u_cpuclk/inst/clk_out1 ]]
set_property port_width 32 [get_debug_ports u_ila_0/probe0]
set_property PROBE_TYPE DATA_AND_TRIGGER [get_debug_ports u_ila_0/probe0]
connect_debug_port u_ila_0/probe0 [get_nets [list {inst[0]} {inst[1]} {inst[2]} {inst[3]} {inst[4]} {inst[5]} {inst[6]} {inst[7]} {inst[8]} {inst[9]} {inst[10]} {inst[11]} {inst[12]} {inst[13]} {inst[14]} {inst[15]} {inst[16]} {inst[17]} {inst[18]} {inst[19]} {inst[20]} {inst[21]} {inst[22]} {inst[23]} {inst[24]} {inst[25]} {inst[26]} {inst[27]} {inst[28]} {inst[29]} {inst[30]} {inst[31]} ]]
create_debug_port u_ila_0 probe
set_property port_width 32 [get_debug_ports u_ila_0/probe1]
set_property PROBE_TYPE DATA_AND_TRIGGER [get_debug_ports u_ila_0/probe1]
connect_debug_port u_ila_0/probe1 [get_nets [list {trace_result[0]} {trace_result[1]} {trace_result[2]} {trace_result[3]} {trace_result[4]} {trace_result[5]} {trace_result[6]} {trace_result[7]} {trace_result[8]} {trace_result[9]} {trace_result[10]} {trace_result[11]} {trace_result[12]} {trace_result[13]} {trace_result[14]} {trace_result[15]} {trace_result[16]} {trace_result[17]} {trace_result[18]} {trace_result[19]} {trace_result[20]} {trace_result[21]} {trace_result[22]} {trace_result[23]} {trace_result[24]} {trace_result[25]} {trace_result[26]} {trace_result[27]} {trace_result[28]} {trace_result[29]} {trace_result[30]} {trace_result[31]} ]]
create_debug_port u_ila_0 probe
set_property port_width 32 [get_debug_ports u_ila_0/probe2]
set_property PROBE_TYPE DATA_AND_TRIGGER [get_debug_ports u_ila_0/probe2]
connect_debug_port u_ila_0/probe2 [get_nets [list {pc[0]} {pc[1]} {pc[2]} {pc[3]} {pc[4]} {pc[5]} {pc[6]} {pc[7]} {pc[8]} {pc[9]} {pc[10]} {pc[11]} {pc[12]} {pc[13]} {pc[14]} {pc[15]} {pc[16]} {pc[17]} {pc[18]} {pc[19]} {pc[20]} {pc[21]} {pc[22]} {pc[23]} {pc[24]} {pc[25]} {pc[26]} {pc[27]} {pc[28]} {pc[29]} {pc[30]} {pc[31]} ]]
save_constraints -force
Netlist sorting complete. Time (s): cpu = 00:00:00 ; elapsed = 00:00:00.025 . Memory (MB): peak = 3381.645 ; gain = 0.000
launch_runs impl_1 -to_step write_bitstream -jobs 8
WARNING: [Project 1-478] Design 'synth_1' is stale and will not be used when launching 'impl_1'
[Sun Jul 10 14:53:05 2022] Launched impl_1...
Run output will be captured here: C:/Users/finger/Desktop/mycpu3/mycpu3.runs/impl_1/runme.log
set_property PROBES.FILE {C:/Users/finger/Desktop/mycpu3/mycpu3.runs/impl_1/cpu_top.ltx} [get_hw_devices xc7a100t_0]
set_property FULL_PROBES.FILE {C:/Users/finger/Desktop/mycpu3/mycpu3.runs/impl_1/cpu_top.ltx} [get_hw_devices xc7a100t_0]
set_property PROGRAM.FILE {C:/Users/finger/Desktop/mycpu3/mycpu3.runs/impl_1/cpu_top.bit} [get_hw_devices xc7a100t_0]
program_hw_devices [get_hw_devices xc7a100t_0]
INFO: [Labtools 27-3164] End of startup status: HIGH
program_hw_devices: Time (s): cpu = 00:00:08 ; elapsed = 00:00:08 . Memory (MB): peak = 3381.645 ; gain = 0.000
refresh_hw_device [lindex [get_hw_devices xc7a100t_0] 0]
INFO: [Labtools 27-2302] Device xc7a100t (JTAG device index = 0) is programmed with a design that has 1 ILA core(s).
display_hw_ila_data [ get_hw_ila_data hw_ila_data_1 -of_objects [get_hw_ilas -of_objects [get_hw_devices xc7a100t_0] -filter {CELL_NAME=~"u_ila_0"}]]
run_hw_ila [get_hw_ilas -of_objects [get_hw_devices xc7a100t_0] -filter {CELL_NAME=~"u_ila_0"}] -trigger_now
INFO: [Labtools 27-1964] The ILA core 'hw_ila_1' trigger was armed at 2022-Jul-10 14:59:25
wait_on_hw_ila [get_hw_ilas -of_objects [get_hw_devices xc7a100t_0] -filter {CELL_NAME=~"u_ila_0"}]
display_hw_ila_data [upload_hw_ila_data [get_hw_ilas -of_objects [get_hw_devices xc7a100t_0] -filter {CELL_NAME=~"u_ila_0"}]]
INFO: [Labtools 27-1966] The ILA core 'hw_ila_1' triggered at 2022-Jul-10 14:59:25
INFO: [Labtools 27-3304] ILA Waveform data saved to file C:/Users/finger/Desktop/mycpu3/mycpu3.hw/backup/hw_ila_data_1.ila. Use Tcl command 'read_hw_ila_data' or Vivado File->Import->Import ILA Data menu item to import the previously saved data.
run_hw_ila [get_hw_ilas -of_objects [get_hw_devices xc7a100t_0] -filter {CELL_NAME=~"u_ila_0"}]
INFO: [Labtools 27-1964] The ILA core 'hw_ila_1' trigger was armed at 2022-Jul-10 14:59:50
wait_on_hw_ila -timeout 0 [get_hw_ilas -of_objects [get_hw_devices xc7a100t_0] -filter {CELL_NAME=~"u_ila_0"}]
upload_hw_ila_data [get_hw_ilas -of_objects [get_hw_devices xc7a100t_0] -filter {CELL_NAME=~"u_ila_0"}]
INFO: [Labtools 27-1965] The ILA core 'hw_ila_1' trigger was stopped by user at 2022-Jul-10 15:00:10
WARNING: [Labtools 27-157] hw_ila [hw_ila_1] stopped. No data to upload.
run_hw_ila [get_hw_ilas -of_objects [get_hw_devices xc7a100t_0] -filter {CELL_NAME=~"u_ila_0"}] -trigger_now
INFO: [Labtools 27-1964] The ILA core 'hw_ila_1' trigger was armed at 2022-Jul-10 15:00:10
wait_on_hw_ila [get_hw_ilas -of_objects [get_hw_devices xc7a100t_0] -filter {CELL_NAME=~"u_ila_0"}]
display_hw_ila_data [upload_hw_ila_data [get_hw_ilas -of_objects [get_hw_devices xc7a100t_0] -filter {CELL_NAME=~"u_ila_0"}]]
INFO: [Labtools 27-1966] The ILA core 'hw_ila_1' triggered at 2022-Jul-10 15:00:10
INFO: [Labtools 27-3304] ILA Waveform data saved to file C:/Users/finger/Desktop/mycpu3/mycpu3.hw/backup/hw_ila_data_1.ila. Use Tcl command 'read_hw_ila_data' or Vivado File->Import->Import ILA Data menu item to import the previously saved data.
set_property PROBES.FILE {C:/Users/finger/Desktop/mycpu3/mycpu3.runs/impl_1/cpu_top.ltx} [get_hw_devices xc7a100t_0]
set_property FULL_PROBES.FILE {C:/Users/finger/Desktop/mycpu3/mycpu3.runs/impl_1/cpu_top.ltx} [get_hw_devices xc7a100t_0]
set_property PROGRAM.FILE {C:/Users/finger/Desktop/mycpu3/mycpu3.runs/impl_1/cpu_top.bit} [get_hw_devices xc7a100t_0]
program_hw_devices [get_hw_devices xc7a100t_0]
INFO: [Labtools 27-3164] End of startup status: HIGH
program_hw_devices: Time (s): cpu = 00:00:09 ; elapsed = 00:00:08 . Memory (MB): peak = 3381.645 ; gain = 0.000
refresh_hw_device [lindex [get_hw_devices xc7a100t_0] 0]
INFO: [Labtools 27-2302] Device xc7a100t (JTAG device index = 0) is programmed with a design that has 1 ILA core(s).
reset_run synth_1
launch_runs impl_1 -to_step write_bitstream -jobs 8
WARNING: [Project 1-478] Design 'synth_1' is stale and will not be used when launching 'impl_1'
[Sun Jul 10 15:11:39 2022] Launched synth_1...
Run output will be captured here: C:/Users/finger/Desktop/mycpu3/mycpu3.runs/synth_1/runme.log
[Sun Jul 10 15:11:39 2022] Launched impl_1...
Run output will be captured here: C:/Users/finger/Desktop/mycpu3/mycpu3.runs/impl_1/runme.log
run_hw_ila [get_hw_ilas -of_objects [get_hw_devices xc7a100t_0] -filter {CELL_NAME=~"u_ila_0"}]
INFO: [Labtools 27-1964] The ILA core 'hw_ila_1' trigger was armed at 2022-Jul-10 15:17:30
wait_on_hw_ila -timeout 0 [get_hw_ilas -of_objects [get_hw_devices xc7a100t_0] -filter {CELL_NAME=~"u_ila_0"}]
upload_hw_ila_data [get_hw_ilas -of_objects [get_hw_devices xc7a100t_0] -filter {CELL_NAME=~"u_ila_0"}]
INFO: [Labtools 27-1965] The ILA core 'hw_ila_1' trigger was stopped by user at 2022-Jul-10 15:17:31
WARNING: [Labtools 27-157] hw_ila [hw_ila_1] stopped. No data to upload.
run_hw_ila [get_hw_ilas -of_objects [get_hw_devices xc7a100t_0] -filter {CELL_NAME=~"u_ila_0"}] -trigger_now
INFO: [Labtools 27-1964] The ILA core 'hw_ila_1' trigger was armed at 2022-Jul-10 15:17:31
wait_on_hw_ila [get_hw_ilas -of_objects [get_hw_devices xc7a100t_0] -filter {CELL_NAME=~"u_ila_0"}]
display_hw_ila_data [upload_hw_ila_data [get_hw_ilas -of_objects [get_hw_devices xc7a100t_0] -filter {CELL_NAME=~"u_ila_0"}]]
INFO: [Labtools 27-1966] The ILA core 'hw_ila_1' triggered at 2022-Jul-10 15:17:31
INFO: [Labtools 27-3304] ILA Waveform data saved to file C:/Users/finger/Desktop/mycpu3/mycpu3.hw/backup/hw_ila_data_1.ila. Use Tcl command 'read_hw_ila_data' or Vivado File->Import->Import ILA Data menu item to import the previously saved data.
run_hw_ila [get_hw_ilas -of_objects [get_hw_devices xc7a100t_0] -filter {CELL_NAME=~"u_ila_0"}]
INFO: [Labtools 27-1964] The ILA core 'hw_ila_1' trigger was armed at 2022-Jul-10 15:17:34
wait_on_hw_ila -timeout 0 [get_hw_ilas -of_objects [get_hw_devices xc7a100t_0] -filter {CELL_NAME=~"u_ila_0"}]
upload_hw_ila_data [get_hw_ilas -of_objects [get_hw_devices xc7a100t_0] -filter {CELL_NAME=~"u_ila_0"}]
INFO: [Labtools 27-1965] The ILA core 'hw_ila_1' trigger was stopped by user at 2022-Jul-10 15:17:37
WARNING: [Labtools 27-157] hw_ila [hw_ila_1] stopped. No data to upload.
run_hw_ila [get_hw_ilas -of_objects [get_hw_devices xc7a100t_0] -filter {CELL_NAME=~"u_ila_0"}]
INFO: [Labtools 27-1964] The ILA core 'hw_ila_1' trigger was armed at 2022-Jul-10 15:17:38
set_property PROBES.FILE {} [get_hw_devices xc7a100t_0]
set_property FULL_PROBES.FILE {} [get_hw_devices xc7a100t_0]
set_property PROGRAM.FILE {C:/Users/finger/Desktop/mycpu3/mycpu3.runs/impl_1/cpu_top.bit} [get_hw_devices xc7a100t_0]
program_hw_devices [get_hw_devices xc7a100t_0]
INFO: [Labtools 27-3164] End of startup status: HIGH
program_hw_devices: Time (s): cpu = 00:00:09 ; elapsed = 00:00:08 . Memory (MB): peak = 3381.645 ; gain = 0.000
refresh_hw_device [lindex [get_hw_devices xc7a100t_0] 0]
INFO: [Labtools 27-2302] Device xc7a100t (JTAG device index = 0) is programmed with a design that has 1 ILA core(s).
WARNING: [Labtools 27-1347] Unable to find Debug Probes file []. Please update hw_device property [PROBES.FILE]
 Update of hw_probe objects, will be skipped.
WARNING: [Labtools 27-1974] Mismatch between the design programmed into the device xc7a100t_0 and the probes file(s) .
The device design has 1 ILA core(s) and 0 VIO core(s). 0 ILA core(s) and 0 VIO core(s) are matched in the probes file(s).
Resolution: 
1. Reprogram device with the correct programming file and associated probes file(s) OR
2. Goto device properties and associate the correct probes file(s) with the programming file already programmed in the device.
export_ip_user_files -of_objects  [get_files C:/Users/finger/Desktop/dummy_cpu_trace/IROM.v] -no_script -reset -force -quiet
remove_files  C:/Users/finger/Desktop/dummy_cpu_trace/IROM.v
remove_files  C:/Users/finger/Desktop/dummy_cpu_trace/IROM.v
WARNING: [Vivado 12-818] No files matched 'C:/Users/finger/Desktop/dummy_cpu_trace/IROM.v'
reset_run synth_1
launch_runs synth_1 -jobs 8
[Sun Jul 10 15:24:44 2022] Launched synth_1...
Run output will be captured here: C:/Users/finger/Desktop/mycpu3/mycpu3.runs/synth_1/runme.log
reset_run synth_1
launch_runs synth_1 -jobs 8
[Sun Jul 10 15:26:39 2022] Launched synth_1...
Run output will be captured here: C:/Users/finger/Desktop/mycpu3/mycpu3.runs/synth_1/runme.log
launch_runs impl_1 -jobs 8
WARNING: [Project 1-478] Design 'synth_1' is stale and will not be used when launching 'impl_1'
[Sun Jul 10 15:27:46 2022] Launched impl_1...
Run output will be captured here: C:/Users/finger/Desktop/mycpu3/mycpu3.runs/impl_1/runme.log
reset_run synth_1
launch_runs impl_1 -jobs 8
WARNING: [Project 1-478] Design 'synth_1' is stale and will not be used when launching 'impl_1'
[Sun Jul 10 15:28:48 2022] Launched synth_1...
Run output will be captured here: C:/Users/finger/Desktop/mycpu3/mycpu3.runs/synth_1/runme.log
[Sun Jul 10 15:28:49 2022] Launched impl_1...
Run output will be captured here: C:/Users/finger/Desktop/mycpu3/mycpu3.runs/impl_1/runme.log
set_property PROBES.FILE {} [get_hw_devices xc7a100t_0]
set_property FULL_PROBES.FILE {} [get_hw_devices xc7a100t_0]
set_property PROGRAM.FILE {C:/Users/finger/Desktop/bitfile/new/cpu_top.bit} [get_hw_devices xc7a100t_0]
program_hw_devices [get_hw_devices xc7a100t_0]
INFO: [Labtools 27-3164] End of startup status: HIGH
program_hw_devices: Time (s): cpu = 00:00:08 ; elapsed = 00:00:08 . Memory (MB): peak = 3381.645 ; gain = 0.000
refresh_hw_device [lindex [get_hw_devices xc7a100t_0] 0]
INFO: [Labtools 27-1434] Device xc7a100t (JTAG device index = 0) is programmed with a design that has no supported debug core(s) in it.
reset_run synth_1
launch_runs impl_1 -to_step write_bitstream -jobs 8
WARNING: [Project 1-478] Design 'synth_1' is stale and will not be used when launching 'impl_1'
[Sun Jul 10 15:34:21 2022] Launched synth_1...
Run output will be captured here: C:/Users/finger/Desktop/mycpu3/mycpu3.runs/synth_1/runme.log
[Sun Jul 10 15:34:21 2022] Launched impl_1...
Run output will be captured here: C:/Users/finger/Desktop/mycpu3/mycpu3.runs/impl_1/runme.log
set_property PROBES.FILE {} [get_hw_devices xc7a100t_0]
set_property FULL_PROBES.FILE {} [get_hw_devices xc7a100t_0]
set_property PROGRAM.FILE {C:/Users/finger/Desktop/bitfile/new/cpu_top.bit} [get_hw_devices xc7a100t_0]
program_hw_devices [get_hw_devices xc7a100t_0]
INFO: [Labtools 27-3164] End of startup status: HIGH
program_hw_devices: Time (s): cpu = 00:00:08 ; elapsed = 00:00:08 . Memory (MB): peak = 3381.645 ; gain = 0.000
refresh_hw_device [lindex [get_hw_devices xc7a100t_0] 0]
INFO: [Labtools 27-1434] Device xc7a100t (JTAG device index = 0) is programmed with a design that has no supported debug core(s) in it.
set_property PROBES.FILE {} [get_hw_devices xc7a100t_0]
set_property FULL_PROBES.FILE {} [get_hw_devices xc7a100t_0]
set_property PROGRAM.FILE {C:/Users/finger/Desktop/mycpu3/mycpu3.runs/impl_1/cpu_top.bit} [get_hw_devices xc7a100t_0]
program_hw_devices [get_hw_devices xc7a100t_0]
INFO: [Labtools 27-3164] End of startup status: HIGH
program_hw_devices: Time (s): cpu = 00:00:08 ; elapsed = 00:00:08 . Memory (MB): peak = 3381.645 ; gain = 0.000
refresh_hw_device [lindex [get_hw_devices xc7a100t_0] 0]
INFO: [Labtools 27-1434] Device xc7a100t (JTAG device index = 0) is programmed with a design that has no supported debug core(s) in it.
reset_run impl_1 -prev_step 
launch_runs impl_1 -to_step write_bitstream -jobs 8
[Sun Jul 10 15:43:50 2022] Launched impl_1...
Run output will be captured here: C:/Users/finger/Desktop/mycpu3/mycpu3.runs/impl_1/runme.log
set_property PROBES.FILE {} [get_hw_devices xc7a100t_0]
set_property FULL_PROBES.FILE {} [get_hw_devices xc7a100t_0]
set_property PROGRAM.FILE {C:/Users/finger/Desktop/mycpu3/mycpu3.runs/impl_1/cpu_top.bit} [get_hw_devices xc7a100t_0]
program_hw_devices [get_hw_devices xc7a100t_0]
INFO: [Labtools 27-3164] End of startup status: HIGH
program_hw_devices: Time (s): cpu = 00:00:08 ; elapsed = 00:00:08 . Memory (MB): peak = 3381.645 ; gain = 0.000
refresh_hw_device [lindex [get_hw_devices xc7a100t_0] 0]
INFO: [Labtools 27-1434] Device xc7a100t (JTAG device index = 0) is programmed with a design that has no supported debug core(s) in it.
export_ip_user_files -of_objects  [get_files C:/Users/finger/Desktop/2021/download_test/synthesized_ip/prgrom/prgrom.dcp] -no_script -reset -force -quiet
remove_files  C:/Users/finger/Desktop/2021/download_test/synthesized_ip/prgrom/prgrom.dcp
create_ip -name dist_mem_gen -vendor xilinx.com -library ip -version 8.0 -module_name prgrom -dir c:/Users/finger/Desktop/mycpu3/mycpu3.srcs/sources_1/ip
set_property -dict [list CONFIG.depth {16384} CONFIG.data_width {32} CONFIG.Component_Name {prgrom} CONFIG.memory_type {rom}] [get_ips prgrom]
WARNING: [Vivado 12-3523] Attempt to change 'Component_Name' from 'prgrom' to 'prgrom' is not allowed and is ignored.
generate_target {instantiation_template} [get_files c:/Users/finger/Desktop/mycpu3/mycpu3.srcs/sources_1/ip/prgrom/prgrom.xci]
INFO: [IP_Flow 19-1686] Generating 'Instantiation Template' target for IP 'prgrom'...
update_compile_order -fileset sources_1
generate_target all [get_files  c:/Users/finger/Desktop/mycpu3/mycpu3.srcs/sources_1/ip/prgrom/prgrom.xci]
INFO: [IP_Flow 19-1686] Generating 'Synthesis' target for IP 'prgrom'...
INFO: [IP_Flow 19-1686] Generating 'Simulation' target for IP 'prgrom'...
INFO: [IP_Flow 19-1686] Generating 'Change Log' target for IP 'prgrom'...
catch { config_ip_cache -export [get_ips -all prgrom] }
export_ip_user_files -of_objects [get_files c:/Users/finger/Desktop/mycpu3/mycpu3.srcs/sources_1/ip/prgrom/prgrom.xci] -no_script -sync -force -quiet
create_ip_run [get_files -of_objects [get_fileset sources_1] c:/Users/finger/Desktop/mycpu3/mycpu3.srcs/sources_1/ip/prgrom/prgrom.xci]
launch_runs -jobs 8 prgrom_synth_1
[Sun Jul 10 15:53:49 2022] Launched prgrom_synth_1...
Run output will be captured here: C:/Users/finger/Desktop/mycpu3/mycpu3.runs/prgrom_synth_1/runme.log
export_simulation -of_objects [get_files c:/Users/finger/Desktop/mycpu3/mycpu3.srcs/sources_1/ip/prgrom/prgrom.xci] -directory C:/Users/finger/Desktop/mycpu3/mycpu3.ip_user_files/sim_scripts -ip_user_files_dir C:/Users/finger/Desktop/mycpu3/mycpu3.ip_user_files -ipstatic_source_dir C:/Users/finger/Desktop/mycpu3/mycpu3.ip_user_files/ipstatic -lib_map_path [list {modelsim=C:/Users/finger/Desktop/mycpu3/mycpu3.cache/compile_simlib/modelsim} {questa=C:/Users/finger/Desktop/mycpu3/mycpu3.cache/compile_simlib/questa} {riviera=C:/Users/finger/Desktop/mycpu3/mycpu3.cache/compile_simlib/riviera} {activehdl=C:/Users/finger/Desktop/mycpu3/mycpu3.cache/compile_simlib/activehdl}] -use_ip_compiled_libs -force -quiet
set_property -dict [list CONFIG.coefficient_file {c:/Users/finger/Desktop/mycpu3/mycpu3.srcs/sources_1/ip/prgrom/inst_ram.coe}] [get_ips prgrom]
INFO: [IP_Flow 19-3484] Absolute path of file 'c:/Users/finger/Desktop/mycpu3/mycpu3.srcs/sources_1/ip/prgrom/inst_ram.coe' provided. It will be converted relative to IP Instance files 'inst_ram.coe'
generate_target all [get_files  c:/Users/finger/Desktop/mycpu3/mycpu3.srcs/sources_1/ip/prgrom/prgrom.xci]
INFO: [IP_Flow 19-1686] Generating 'Instantiation Template' target for IP 'prgrom'...
INFO: [IP_Flow 19-1686] Generating 'Synthesis' target for IP 'prgrom'...
INFO: [IP_Flow 19-1686] Generating 'Simulation' target for IP 'prgrom'...
INFO: [IP_Flow 19-1686] Generating 'Change Log' target for IP 'prgrom'...
catch { config_ip_cache -export [get_ips -all prgrom] }
export_ip_user_files -of_objects [get_files c:/Users/finger/Desktop/mycpu3/mycpu3.srcs/sources_1/ip/prgrom/prgrom.xci] -no_script -sync -force -quiet
reset_run prgrom_synth_1
launch_runs -jobs 8 prgrom_synth_1
[Sun Jul 10 15:55:48 2022] Launched prgrom_synth_1...
Run output will be captured here: C:/Users/finger/Desktop/mycpu3/mycpu3.runs/prgrom_synth_1/runme.log
export_simulation -of_objects [get_files c:/Users/finger/Desktop/mycpu3/mycpu3.srcs/sources_1/ip/prgrom/prgrom.xci] -directory C:/Users/finger/Desktop/mycpu3/mycpu3.ip_user_files/sim_scripts -ip_user_files_dir C:/Users/finger/Desktop/mycpu3/mycpu3.ip_user_files -ipstatic_source_dir C:/Users/finger/Desktop/mycpu3/mycpu3.ip_user_files/ipstatic -lib_map_path [list {modelsim=C:/Users/finger/Desktop/mycpu3/mycpu3.cache/compile_simlib/modelsim} {questa=C:/Users/finger/Desktop/mycpu3/mycpu3.cache/compile_simlib/questa} {riviera=C:/Users/finger/Desktop/mycpu3/mycpu3.cache/compile_simlib/riviera} {activehdl=C:/Users/finger/Desktop/mycpu3/mycpu3.cache/compile_simlib/activehdl}] -use_ip_compiled_libs -force -quiet
reset_run synth_1
WARNING: [Vivado 12-1017] Problems encountered:
1. Failed to delete one or more files in run directory C:/Users/finger/Desktop/mycpu3/mycpu3.runs/synth_1

launch_runs impl_1 -to_step write_bitstream -jobs 8
WARNING: [Project 1-478] Design 'synth_1' is stale and will not be used when launching 'impl_1'
[Sun Jul 10 15:56:17 2022] Launched prgrom_synth_1, synth_1...
Run output will be captured here:
prgrom_synth_1: C:/Users/finger/Desktop/mycpu3/mycpu3.runs/prgrom_synth_1/runme.log
synth_1: C:/Users/finger/Desktop/mycpu3/mycpu3.runs/synth_1/runme.log
[Sun Jul 10 15:56:17 2022] Launched impl_1...
Run output will be captured here: C:/Users/finger/Desktop/mycpu3/mycpu3.runs/impl_1/runme.log
set_property PROBES.FILE {} [get_hw_devices xc7a100t_0]
set_property FULL_PROBES.FILE {} [get_hw_devices xc7a100t_0]
set_property PROGRAM.FILE {C:/Users/finger/Desktop/mycpu3/mycpu3.runs/impl_1/cpu_top.bit} [get_hw_devices xc7a100t_0]
program_hw_devices [get_hw_devices xc7a100t_0]
INFO: [Labtools 27-3164] End of startup status: HIGH
program_hw_devices: Time (s): cpu = 00:00:08 ; elapsed = 00:00:08 . Memory (MB): peak = 3381.645 ; gain = 0.000
refresh_hw_device [lindex [get_hw_devices xc7a100t_0] 0]
INFO: [Labtools 27-1434] Device xc7a100t (JTAG device index = 0) is programmed with a design that has no supported debug core(s) in it.
reset_run synth_1
launch_runs impl_1 -to_step write_bitstream -jobs 8
WARNING: [Project 1-478] Design 'synth_1' is stale and will not be used when launching 'impl_1'
[Sun Jul 10 16:14:17 2022] Launched synth_1...
Run output will be captured here: C:/Users/finger/Desktop/mycpu3/mycpu3.runs/synth_1/runme.log
[Sun Jul 10 16:14:17 2022] Launched impl_1...
Run output will be captured here: C:/Users/finger/Desktop/mycpu3/mycpu3.runs/impl_1/runme.log
set_property PROBES.FILE {} [get_hw_devices xc7a100t_0]
set_property FULL_PROBES.FILE {} [get_hw_devices xc7a100t_0]
set_property PROGRAM.FILE {C:/Users/finger/Desktop/mycpu3/mycpu3.runs/impl_1/cpu_top.bit} [get_hw_devices xc7a100t_0]
program_hw_devices [get_hw_devices xc7a100t_0]
INFO: [Labtools 27-3164] End of startup status: HIGH
program_hw_devices: Time (s): cpu = 00:00:08 ; elapsed = 00:00:08 . Memory (MB): peak = 3381.645 ; gain = 0.000
refresh_hw_device [lindex [get_hw_devices xc7a100t_0] 0]
INFO: [Labtools 27-1434] Device xc7a100t (JTAG device index = 0) is programmed with a design that has no supported debug core(s) in it.
reset_run synth_1
launch_runs impl_1 -to_step write_bitstream -jobs 8
WARNING: [Project 1-478] Design 'synth_1' is stale and will not be used when launching 'impl_1'
[Sun Jul 10 16:20:19 2022] Launched synth_1...
Run output will be captured here: C:/Users/finger/Desktop/mycpu3/mycpu3.runs/synth_1/runme.log
[Sun Jul 10 16:20:19 2022] Launched impl_1...
Run output will be captured here: C:/Users/finger/Desktop/mycpu3/mycpu3.runs/impl_1/runme.log
set_property PROBES.FILE {} [get_hw_devices xc7a100t_0]
set_property FULL_PROBES.FILE {} [get_hw_devices xc7a100t_0]
set_property PROGRAM.FILE {C:/Users/finger/Desktop/mycpu3/mycpu3.runs/impl_1/cpu_top.bit} [get_hw_devices xc7a100t_0]
program_hw_devices [get_hw_devices xc7a100t_0]
INFO: [Labtools 27-3164] End of startup status: HIGH
program_hw_devices: Time (s): cpu = 00:00:08 ; elapsed = 00:00:08 . Memory (MB): peak = 3381.645 ; gain = 0.000
refresh_hw_device [lindex [get_hw_devices xc7a100t_0] 0]
INFO: [Labtools 27-1434] Device xc7a100t (JTAG device index = 0) is programmed with a design that has no supported debug core(s) in it.
reset_run synth_1
launch_runs impl_1 -to_step write_bitstream -jobs 8
WARNING: [Project 1-478] Design 'synth_1' is stale and will not be used when launching 'impl_1'
[Sun Jul 10 16:28:29 2022] Launched synth_1...
Run output will be captured here: C:/Users/finger/Desktop/mycpu3/mycpu3.runs/synth_1/runme.log
[Sun Jul 10 16:28:29 2022] Launched impl_1...
Run output will be captured here: C:/Users/finger/Desktop/mycpu3/mycpu3.runs/impl_1/runme.log
set_property PROBES.FILE {} [get_hw_devices xc7a100t_0]
set_property FULL_PROBES.FILE {} [get_hw_devices xc7a100t_0]
set_property PROGRAM.FILE {C:/Users/finger/Desktop/mycpu3/mycpu3.runs/impl_1/cpu_top.bit} [get_hw_devices xc7a100t_0]
program_hw_devices [get_hw_devices xc7a100t_0]
INFO: [Labtools 27-3164] End of startup status: HIGH
program_hw_devices: Time (s): cpu = 00:00:08 ; elapsed = 00:00:08 . Memory (MB): peak = 3381.645 ; gain = 0.000
refresh_hw_device [lindex [get_hw_devices xc7a100t_0] 0]
INFO: [Labtools 27-1434] Device xc7a100t (JTAG device index = 0) is programmed with a design that has no supported debug core(s) in it.
reset_run synth_1
launch_runs impl_1 -to_step write_bitstream -jobs 8
WARNING: [Project 1-478] Design 'synth_1' is stale and will not be used when launching 'impl_1'
[Sun Jul 10 17:06:39 2022] Launched synth_1...
Run output will be captured here: C:/Users/finger/Desktop/mycpu3/mycpu3.runs/synth_1/runme.log
[Sun Jul 10 17:06:39 2022] Launched impl_1...
Run output will be captured here: C:/Users/finger/Desktop/mycpu3/mycpu3.runs/impl_1/runme.log
set_property PROBES.FILE {} [get_hw_devices xc7a100t_0]
set_property FULL_PROBES.FILE {} [get_hw_devices xc7a100t_0]
set_property PROGRAM.FILE {C:/Users/finger/Desktop/mycpu3/mycpu3.runs/impl_1/cpu_top.bit} [get_hw_devices xc7a100t_0]
program_hw_devices [get_hw_devices xc7a100t_0]
INFO: [Labtools 27-3164] End of startup status: HIGH
program_hw_devices: Time (s): cpu = 00:00:08 ; elapsed = 00:00:08 . Memory (MB): peak = 3381.645 ; gain = 0.000
refresh_hw_device [lindex [get_hw_devices xc7a100t_0] 0]
INFO: [Labtools 27-1434] Device xc7a100t (JTAG device index = 0) is programmed with a design that has no supported debug core(s) in it.
ERROR: [Labtoolstcl 44-513] HW Target shutdown. Closing target: localhost:3121/xilinx_tcf/Xilinx/Port_#0002.Hub_#0001
exit
INFO: [Common 17-206] Exiting Vivado at Sun Jul 10 18:38:13 2022...
